
	            G L O B A L   R E F E R E N C E S

	             Name               Value        Type
	==============================|=======|===============
	WRITE                            FFFE         CONSTANT
	INITIAL_SP                       FDFF         CONSTANT
	CURSOR                           FFFC         CONSTANT
	CURSOR_INIT                      FFFF         CONSTANT
	FIM_TEXTO                        0040         CONSTANT
	TIMER_UNITS                      FFF6         CONSTANT
	ACTIVATE_TIMER                   FFF7         CONSTANT
	ON                               0001         CONSTANT
	OFF                              0000         CONSTANT
	CIMA_ESQUERDA                    0000         CONSTANT
	CIMA_DIREITA                     0001         CONSTANT
	BAIXO_ESQUERDA                   0002         CONSTANT
	BAIXO_DIREITA                    0003         CONSTANT
	MAP_WIDTH                        0051         CONSTANT
	MAP_HEIGHT                       0018         CONSTANT
	TOP_BOUND                        0003         CONSTANT
	BOTTOM_BOUND                     0016         CONSTANT
	LEFT_BOUND                       0001         CONSTANT
	RIGHT_BOUND                      004E         CONSTANT
	SHIP_ROW                         0015         CONSTANT
	SHIP_INITIAL_X                   0024         CONSTANT
	SHIP_LEN                         0010         CONSTANT
	MAX_LIVES                        0003         CONSTANT
	Mapa_Linha0                      8000           STRING
	Mapa_Linha1                      8051           STRING
	Mapa_Linha2                      80A2           STRING
	Mapa_Linha3                      80F3           STRING
	Mapa_Linha4                      8144           STRING
	Mapa_Linha5                      8195           STRING
	Mapa_Linha6                      81E6           STRING
	Mapa_Linha7                      8237           STRING
	Mapa_Linha8                      8288           STRING
	Mapa_Linha9                      82D9           STRING
	Mapa_Linha10                     832A           STRING
	Mapa_Linha11                     837B           STRING
	Mapa_Linha12                     83CC           STRING
	Mapa_Linha13                     841D           STRING
	Mapa_Linha14                     846E           STRING
	Mapa_Linha15                     84BF           STRING
	Mapa_Linha16                     8510           STRING
	Mapa_Linha17                     8561           STRING
	Mapa_Linha18                     85B2           STRING
	Mapa_Linha19                     8603           STRING
	Mapa_Linha20                     8654           STRING
	Mapa_Linha21                     86A5           STRING
	Mapa_Linha22                     86F6           STRING
	Mapa_Linha23                     8747           STRING
	Linha0                           8798           STRING
	Linha1                           87E9           STRING
	Linha2                           883A           STRING
	Linha3                           888B           STRING
	Linha4                           88DC           STRING
	Linha5                           892D           STRING
	Linha6                           897E           STRING
	Linha7                           89CF           STRING
	Linha8                           8A20           STRING
	Linha9                           8A71           STRING
	Linha10                          8AC2           STRING
	Linha11                          8B13           STRING
	Linha12                          8B64           STRING
	Linha13                          8BB5           STRING
	Linha14                          8C06           STRING
	Linha15                          8C57           STRING
	Linha16                          8CA8           STRING
	Linha17                          8CF9           STRING
	Linha18                          8D4A           STRING
	Linha19                          8D9B           STRING
	Linha20                          8DEC           STRING
	Linha21                          8E3D           STRING
	Linha22                          8E8E           STRING
	Linha23                          8EDF           STRING
	LinhaGameOVR                     8F30           STRING
	LinhaRestart                     8F81           STRING
	GameState                        8FD2         VARIABLE
	ShipIndex                        8FD3         VARIABLE
	ShipLen                          8FD4         VARIABLE
	ballState                        8FD5         VARIABLE
	Blank                            8FD6           STRING
	ShipPart                         8FD8           STRING
	Ball                             8FDA           STRING
	Alerta                           8FDC           STRING
	index                            8FF8         VARIABLE
	Linha                            8FF9         VARIABLE
	Coluna                           8FFA         VARIABLE
	Character                        8FFB         VARIABLE
	BallX                            8FFC         VARIABLE
	BallY                            8FFD         VARIABLE
	lifeCount                        8FFE         VARIABLE
	Score                            8FFF         VARIABLE
	INT0                             FE00         VARIABLE
	INT1                             FE01         VARIABLE
	INT2                             FE02         VARIABLE
	INT3                             FE03         VARIABLE
	INT15                            FE0F         VARIABLE
	Timer                            0002            LABEL
	EndTimer                         0016            LABEL
	RestartGame                      0019            LABEL
	EndRestartGame                   002C            LABEL
	UpdateScore                      002E            LABEL
	FlashMemory                      0056            LABEL
	FlashLoop                        0063            LABEL
	EndFlashMemory                   006E            LABEL
	RotinaInterrupcao                0073            LABEL
	Funcao                           007C            LABEL
	GetAddr                          0085            LABEL
	Interrompe                       0090            LABEL
	RemoveBlock                      009D            LABEL
	Wipe                             00B1            LABEL
	EndRemoveBlock                   00D3            LABEL
	BlockColision                    00D8            LABEL
	BlockCimaDireita                 00F4            LABEL
	BlockCimaEsquerda                0134            LABEL
	BlockBaixoDireita                0173            LABEL
	BlockBaixoEsquerda               01B2            LABEL
	MudaCimaDireita                  01F1            LABEL
	MudaCimaEsquerda                 01F9            LABEL
	MudaBaixoDireita                 0201            LABEL
	MudaBaixoEsquerda                0209            LABEL
	EndBlockColision                 0211            LABEL
	LifeSys                          0216            LABEL
	HardReset                        0234            LABEL
	SoftReset                        0267            LABEL
	EndLifeSys                       0287            LABEL
	ShipColision                     028C            LABEL
	ChangeStateUpRight               02B4            LABEL
	ChangeStateUpLeft                02BA            LABEL
	EndShipColision                  02C0            LABEL
	MoveBall                         02C5            LABEL
	EndMoveBall                      02E7            LABEL
	MovCimaDir                       02EC            LABEL
	MovCimaEsq                       0312            LABEL
	MovBaixoDir                      0338            LABEL
	MovBaixoEsq                      035E            LABEL
	MovDireita                       0384            LABEL
	EndMovDireita                    03A6            LABEL
	MovEsquerda                      03AA            LABEL
	EndMovEsquerda                   03C9            LABEL
	Printf                           03CD            LABEL
	Ciclo                            03D5            LABEL
	EndPrintf                        03E8            LABEL
	PrintChar                        03EF            LABEL
	PrintStrChar                     03FC            LABEL
	EndPrintStrChar                  0419            LABEL
	PrintMap                         041F            LABEL
	Ciclo1                           042C            LABEL
	EndPrintMap                      0437            LABEL
	PrintShip                        0449            LABEL
	Ciclo2                           0453            LABEL
	EndPrintShip                     045D            LABEL
	ConfigureTimer                   0462            LABEL
	Main                             046D            LABEL
	Cycle                            0479            LABEL
	Halt                             047A            LABEL
