
	            G L O B A L   R E F E R E N C E S

	             Name               Value        Type
	==============================|=======|===============
	WRITE                            FFFE         CONSTANT
	INITIAL_SP                       FDFF         CONSTANT
	CURSOR                           FFFC         CONSTANT
	CURSOR_INIT                      FFFF         CONSTANT
	FIM_TEXTO                        0040         CONSTANT
	Linha0                           8000           STRING
	Linha1                           8051           STRING
	Linha2                           80A2           STRING
	Linha3                           80F3           STRING
	Linha4                           8144           STRING
	Linha5                           8195           STRING
	Linha6                           81E6           STRING
	Linha7                           8237           STRING
	Linha8                           8288           STRING
	Linha9                           82D9           STRING
	Linha10                          832A           STRING
	Linha11                          837B           STRING
	Linha12                          83CC           STRING
	Linha13                          841D           STRING
	Linha14                          846E           STRING
	Linha15                          84BF           STRING
	Linha16                          8510           STRING
	Linha17                          8561           STRING
	Linha18                          85B2           STRING
	Linha19                          8603           STRING
	Linha20                          8654           STRING
	Linha21                          86A5           STRING
	Linha22                          86F6           STRING
	Linha23                          8747           STRING
	ShipIndex                        8798         VARIABLE
	Blank                            8799           STRING
	ShipPart                         879B           STRING
	Alerta                           879D           STRING
	index                            87B9         VARIABLE
	Linha                            87BA         VARIABLE
	Coluna                           87BB         VARIABLE
	INT0                             FE00         VARIABLE
	INT1                             FE01         VARIABLE
	RotinaInterrupcao                0002            LABEL
	Funcao                           000B            LABEL
	Interrompe                       0014            LABEL
	MovDireita                       0021            LABEL
	Printf                           003C            LABEL
	Ciclo                            0044            LABEL
	EndPrintf                        0057            LABEL
	PrintChar                        005E            LABEL
	PrintStrChar                     006B            LABEL
	EndPrintStrChar                  0088            LABEL
	PrintMap                         008E            LABEL
	Ciclo1                           0098            LABEL
	EndPrintMap                      00A3            LABEL
	Main                             00A8            LABEL
	Cycle                            00B2            LABEL
	Halt                             00B3            LABEL
